0 info it worked if it ends with ok
1 verbose cli [ '/usr/local/bin/node', '/usr/local/bin/npm', 'publish' ]
2 info using npm@3.8.6
3 info using node@v5.11.1
4 verbose publish [ '.' ]
5 silly cache add args [ '.', null ]
6 verbose cache add spec .
7 silly cache add parsed spec Result {
7 silly cache add   raw: '.',
7 silly cache add   scope: null,
7 silly cache add   name: null,
7 silly cache add   rawSpec: '.',
7 silly cache add   spec: '/Users/jiangxuan/cmarked',
7 silly cache add   type: 'directory' }
8 verbose addLocalDirectory /Users/jiangxuan/.npm/cmarked/1.0.10/package.tgz not in flight; packing
9 verbose correctMkdir /Users/jiangxuan/.npm correctMkdir not in flight; initializing
10 info lifecycle cmarked@1.0.10~prepublish: cmarked@1.0.10
11 silly lifecycle cmarked@1.0.10~prepublish: no script for prepublish, continuing
12 verbose tar pack [ '/Users/jiangxuan/.npm/cmarked/1.0.10/package.tgz',
12 verbose tar pack   '/Users/jiangxuan/cmarked' ]
13 verbose tarball /Users/jiangxuan/.npm/cmarked/1.0.10/package.tgz
14 verbose folder /Users/jiangxuan/cmarked
15 verbose addLocalTarball adding from inside cache /Users/jiangxuan/.npm/cmarked/1.0.10/package.tgz
16 verbose correctMkdir /Users/jiangxuan/.npm correctMkdir not in flight; initializing
17 silly cache afterAdd cmarked@1.0.10
18 verbose afterAdd /Users/jiangxuan/.npm/cmarked/1.0.10/package/package.json not in flight; writing
19 verbose correctMkdir /Users/jiangxuan/.npm correctMkdir not in flight; initializing
20 verbose afterAdd /Users/jiangxuan/.npm/cmarked/1.0.10/package/package.json written
21 silly publish { name: 'cmarked',
21 silly publish   version: '1.0.10',
21 silly publish   description: '更符合汉语的markdown编译器',
21 silly publish   main: 'index.js',
21 silly publish   scripts: { test: 'echo "Error: no test specified" && exit 1' },
21 silly publish   repository:
21 silly publish    { type: 'git',
21 silly publish      url: 'git+https://github.com/Jiang-Xuan/cmarked.git' },
21 silly publish   keywords: [ '中文', 'markdown', 'cmarked' ],
21 silly publish   author: { name: '蒋璇' },
21 silly publish   license: 'ISC',
21 silly publish   bugs: { url: 'https://github.com/Jiang-Xuan/cmarked/issues' },
21 silly publish   homepage: 'https://github.com/Jiang-Xuan/cmarked#readme',
21 silly publish   devDependencies: { chai: '^3.5.0', express: '^4.10.2', 'socket.io': '^1.7.2' },
21 silly publish   readme: '# cmarked\n\n更符合中文的markdown编译器\n\n## 安装\n\n\tnpm install cmarked\n\n## 使用方法\n\n最小的使用\n\n```js\n\tvar cmarked = require(\'cmarked\')\n\tconsole.log(cmarked(\'**我正在使用markdown语法书写文章**\'))\n\t//输出 <p><strong>我正在使用markdown语法书写文章</strong></p>\n```\n\n设置选项的例子，用默认值来示例：\n\n```js\n\tvar cmarked = require(\'cmarked\')\n\tcmarked.setOptions({\n\t\tgap: \'-\',\n\t\tsmartOrderList: false\n\t})\n```\n\n### Options\n\n### gap\n\nType:`String`\n\nh1-h6标题的id中的空格的填充符\n\n例子\n\n```js\n\tvar cmarked = require(\'cmarked\')\n\tconsole.log(cmarked(\'# cmarked爱你\'))\n\t//输出 <h1 id=\'cmarked爱你\'>cmarked爱你</h1>\n\tconsole.log(cmarked(\'## cmarked 还 是 爱 你\'))\n\t//输出 <h2 id=\'cmarked-还-是-爱-你\'>cmarked 还 是 爱 你</h2>\n```\n\n自定义填充符\n\n```js\n\tvar cmarked = require(\'cmarked\')\n\tcmarked.setOptions({\n\t\tgap: \'~\'\n\t})\n\tconsole.log(cmarked(\'### cmarked 依  旧  爱 你\'))\n\t//输出 <h3 id=\'cmarked~依~旧~爱~你\'>cmarked 依  旧  爱 你</h3>\n\t// 连续的空格只会生成一个填充符\n```\n\n### smarkOrderList\n\ntype: `Boolean` default: `false`\n\n是否使用智能的的有序列表，如果你的有序列表想要从不是1开头的，需要开启此选项。注意，原生的markdown并不支持此语法。\n\n例子 - 不开启智能有序列表\n\n```js\n\tvar cmarked = require(\'cmarked\')\n\tconsole.log(cmarked(\'3. cmarked\\n4. cmarked\'))\n\t//输出效果\n\t//1. cmarked\n\t//2. cmarked\n```\n\n例子 - 开启智能有序列表\n\n```js\n\tvar cmarked = require(\'cmarked\')\n\tconsole.log(cmarked(\'3. cmarked\\n4. cmarked\'))\n\t//输出效果\n\t//3. cmarked\n\t//4. cmarked\n```\n\n\n\n\n',
21 silly publish   readmeFilename: 'README.md',
21 silly publish   gitHead: '25383bf321db05815dcc1032f8f8ce8d17f5bf29',
21 silly publish   _id: 'cmarked@1.0.10',
21 silly publish   _shasum: '2b4f7a39cb6e3a4104e9a0ce5d04f294d3783662',
21 silly publish   _from: '.' }
22 verbose getPublishConfig undefined
23 silly mapToRegistry name cmarked
24 silly mapToRegistry using default registry
25 silly mapToRegistry registry https://registry.npmjs.org/
26 silly mapToRegistry data Result {
26 silly mapToRegistry   raw: 'cmarked',
26 silly mapToRegistry   scope: null,
26 silly mapToRegistry   name: 'cmarked',
26 silly mapToRegistry   rawSpec: '',
26 silly mapToRegistry   spec: 'latest',
26 silly mapToRegistry   type: 'tag' }
27 silly mapToRegistry uri https://registry.npmjs.org/cmarked
28 verbose publish registryBase https://registry.npmjs.org/
29 silly publish uploading /Users/jiangxuan/.npm/cmarked/1.0.10/package.tgz
30 verbose request uri https://registry.npmjs.org/cmarked
31 verbose request sending authorization for write operation
32 info attempt registry request try #1 at 21:34:12
33 verbose request using bearer token for auth
34 verbose request id 7b0ec59dadf5b131
35 http request PUT https://registry.npmjs.org/cmarked
36 http 403 https://registry.npmjs.org/cmarked
37 verbose headers { 'content-type': 'application/json',
37 verbose headers   'cache-control': 'max-age=300',
37 verbose headers   'content-length': '96',
37 verbose headers   'accept-ranges': 'bytes',
37 verbose headers   date: 'Wed, 08 Feb 2017 13:34:15 GMT',
37 verbose headers   via: '1.1 varnish',
37 verbose headers   connection: 'keep-alive',
37 verbose headers   'x-served-by': 'cache-nrt6129-NRT',
37 verbose headers   'x-cache': 'MISS',
37 verbose headers   'x-cache-hits': '0',
37 verbose headers   'x-timer': 'S1486560855.479340,VS0,VE499',
37 verbose headers   vary: 'Accept-Encoding' }
38 verbose request invalidating /Users/jiangxuan/.npm/registry.npmjs.org/cmarked on PUT
39 error publish Failed PUT 403
40 verbose stack Error: "You cannot publish over the previously published version 1.0.10." : cmarked
40 verbose stack     at makeError (/usr/local/lib/node_modules/npm/node_modules/npm-registry-client/lib/request.js:264:12)
40 verbose stack     at CachingRegistryClient.<anonymous> (/usr/local/lib/node_modules/npm/node_modules/npm-registry-client/lib/request.js:252:14)
40 verbose stack     at Request._callback (/usr/local/lib/node_modules/npm/node_modules/npm-registry-client/lib/request.js:172:14)
40 verbose stack     at Request.self.callback (/usr/local/lib/node_modules/npm/node_modules/request/request.js:199:22)
40 verbose stack     at emitTwo (events.js:100:13)
40 verbose stack     at Request.emit (events.js:185:7)
40 verbose stack     at Request.<anonymous> (/usr/local/lib/node_modules/npm/node_modules/request/request.js:1036:10)
40 verbose stack     at emitOne (events.js:95:20)
40 verbose stack     at Request.emit (events.js:182:7)
40 verbose stack     at IncomingMessage.<anonymous> (/usr/local/lib/node_modules/npm/node_modules/request/request.js:963:12)
41 verbose statusCode 403
42 verbose pkgid cmarked
43 verbose cwd /Users/jiangxuan/cmarked
44 error Darwin 15.6.0
45 error argv "/usr/local/bin/node" "/usr/local/bin/npm" "publish"
46 error node v5.11.1
47 error npm  v3.8.6
48 error code E403
49 error "You cannot publish over the previously published version 1.0.10." : cmarked
50 error If you need help, you may report this error at:
50 error     <https://github.com/npm/npm/issues>
51 verbose exit [ 1, true ]
